play
+--- com.typesafe.play:play_2.11:2.6.14
|    +--- org.scala-lang:scala-library:2.11.12
|    +--- com.typesafe.play:build-link:2.6.14
|    |    \--- com.typesafe.play:play-exceptions:2.6.14
|    +--- com.typesafe.play:play-netty-utils:2.6.14
|    |    +--- org.slf4j:slf4j-api:1.7.25
|    |    +--- org.slf4j:jul-to-slf4j:1.7.25
|    |    |    \--- org.slf4j:slf4j-api:1.7.25
|    |    \--- org.slf4j:jcl-over-slf4j:1.7.25
|    |         \--- org.slf4j:slf4j-api:1.7.25
|    +--- com.typesafe.play:play-streams_2.11:2.6.14
|    |    +--- org.scala-lang:scala-library:2.11.12
|    |    +--- org.reactivestreams:reactive-streams:1.0.2
|    |    +--- com.typesafe.akka:akka-stream_2.11:2.5.11
|    |    |    +--- org.scala-lang:scala-library:2.11.12
|    |    |    +--- com.typesafe.akka:akka-actor_2.11:2.5.11
|    |    |    |    +--- org.scala-lang:scala-library:2.11.12
|    |    |    |    +--- com.typesafe:config:1.3.2
|    |    |    |    \--- org.scala-lang.modules:scala-java8-compat_2.11:0.7.0 -> 0.8.0
|    |    |    |         \--- org.scala-lang:scala-library:2.11.8 -> 2.11.12
|    |    |    +--- com.typesafe.akka:akka-protobuf_2.11:2.5.11
|    |    |    |    \--- org.scala-lang:scala-library:2.11.12
|    |    |    +--- org.reactivestreams:reactive-streams:1.0.2
|    |    |    \--- com.typesafe:ssl-config-core_2.11:0.2.2
|    |    |         +--- org.scala-lang:scala-library:2.11.8 -> 2.11.12
|    |    |         +--- com.typesafe:config:1.2.0 -> 1.3.2
|    |    |         \--- org.scala-lang.modules:scala-parser-combinators_2.11:1.0.4 -> 1.0.6
|    |    |              \--- org.scala-lang:scala-library:2.11.11 -> 2.11.12
|    |    \--- org.scala-lang.modules:scala-java8-compat_2.11:0.8.0 (*)
|    +--- com.typesafe.play:twirl-api_2.11:1.3.14
|    |    +--- org.scala-lang:scala-library:2.11.11 -> 2.11.12
|    |    \--- org.scala-lang.modules:scala-xml_2.11:1.0.6
|    |         \--- org.scala-lang:scala-library:2.11.8 -> 2.11.12
|    +--- org.slf4j:slf4j-api:1.7.25
|    +--- org.slf4j:jul-to-slf4j:1.7.25 (*)
|    +--- org.slf4j:jcl-over-slf4j:1.7.25 (*)
|    +--- com.typesafe.akka:akka-actor_2.11:2.5.11 (*)
|    +--- com.typesafe.akka:akka-slf4j_2.11:2.5.11
|    |    +--- org.scala-lang:scala-library:2.11.12
|    |    +--- com.typesafe.akka:akka-actor_2.11:2.5.11 (*)
|    |    \--- org.slf4j:slf4j-api:1.7.25
|    +--- com.fasterxml.jackson.core:jackson-core:2.8.11
|    +--- com.fasterxml.jackson.core:jackson-annotations:2.8.11
|    +--- com.fasterxml.jackson.datatype:jackson-datatype-jdk8:2.8.11
|    |    +--- com.fasterxml.jackson.core:jackson-core:2.8.11
|    |    \--- com.fasterxml.jackson.core:jackson-databind:2.8.11 -> 2.8.11.1
|    |         +--- com.fasterxml.jackson.core:jackson-annotations:2.8.0 -> 2.8.11
|    |         \--- com.fasterxml.jackson.core:jackson-core:2.8.10 -> 2.8.11
|    +--- com.fasterxml.jackson.datatype:jackson-datatype-jsr310:2.8.11
|    |    +--- com.fasterxml.jackson.core:jackson-annotations:2.8.0 -> 2.8.11
|    |    +--- com.fasterxml.jackson.core:jackson-core:2.8.11
|    |    \--- com.fasterxml.jackson.core:jackson-databind:2.8.11 -> 2.8.11.1 (*)
|    +--- com.fasterxml.jackson.core:jackson-databind:2.8.11.1 (*)
|    +--- commons-codec:commons-codec:1.10
|    +--- com.typesafe.play:play-json_2.11:2.6.9
|    |    +--- org.scala-lang:scala-library:2.11.11 -> 2.11.12
|    |    +--- com.typesafe.play:play-functional_2.11:2.6.9
|    |    |    \--- org.scala-lang:scala-library:2.11.11 -> 2.11.12
|    |    +--- org.scala-lang:scala-reflect:2.11.11 -> 2.11.12
|    |    |    \--- org.scala-lang:scala-library:2.11.12
|    |    +--- org.typelevel:macro-compat_2.11:1.1.1
|    |    |    \--- org.scala-lang:scala-library:2.11.7 -> 2.11.12
|    |    +--- joda-time:joda-time:2.9.9
|    |    +--- com.fasterxml.jackson.core:jackson-core:2.8.9 -> 2.8.11
|    |    +--- com.fasterxml.jackson.core:jackson-annotations:2.8.9 -> 2.8.11
|    |    +--- com.fasterxml.jackson.core:jackson-databind:2.8.9 -> 2.8.11.1 (*)
|    |    +--- com.fasterxml.jackson.datatype:jackson-datatype-jdk8:2.8.9 -> 2.8.11 (*)
|    |    \--- com.fasterxml.jackson.datatype:jackson-datatype-jsr310:2.8.9 -> 2.8.11 (*)
|    +--- com.google.guava:guava:22.0
|    |    +--- com.google.code.findbugs:jsr305:1.3.9
|    |    +--- com.google.errorprone:error_prone_annotations:2.0.18
|    |    +--- com.google.j2objc:j2objc-annotations:1.1
|    |    \--- org.codehaus.mojo:animal-sniffer-annotations:1.14
|    +--- io.jsonwebtoken:jjwt:0.7.0
|    |    \--- com.fasterxml.jackson.core:jackson-databind:2.8.2 -> 2.8.11.1 (*)
|    +--- org.apache.commons:commons-lang3:3.6
|    +--- javax.transaction:jta:1.1
|    +--- javax.inject:javax.inject:1
|    +--- org.scala-lang:scala-reflect:2.11.12 (*)
|    +--- org.scala-lang.modules:scala-java8-compat_2.11:0.8.0 (*)
|    \--- org.scala-lang.modules:scala-parser-combinators_2.11:1.0.6 (*)
\--- com.typesafe.play:play-java-forms_2.11:2.6.14
     +--- org.scala-lang:scala-library:2.11.12
     +--- com.typesafe.play:play-java_2.11:2.6.14
     |    +--- org.scala-lang:scala-library:2.11.12
     |    +--- com.typesafe.play:play_2.11:2.6.14 (*)
     |    +--- org.scala-lang.modules:scala-java8-compat_2.11:0.8.0 (*)
     |    +--- org.reflections:reflections:0.9.11
     |    |    +--- com.google.guava:guava:20.0 -> 22.0 (*)
     |    |    \--- org.javassist:javassist:3.21.0-GA
     |    \--- net.jodah:typetools:0.5.0
     +--- org.scala-lang.modules:scala-java8-compat_2.11:0.8.0 (*)
     +--- org.reflections:reflections:0.9.11 (*)
     +--- net.jodah:typetools:0.5.0
     +--- org.hibernate:hibernate-validator:5.4.1.Final
     |    +--- javax.validation:validation-api:1.1.0.Final
     |    +--- org.jboss.logging:jboss-logging:3.3.0.Final
     |    \--- com.fasterxml:classmate:1.3.1
     +--- org.springframework:spring-context:4.3.11.RELEASE
     +--- org.springframework:spring-core:4.3.11.RELEASE
     \--- org.springframework:spring-beans:4.3.11.RELEASE